  GameState.cpp
C:\Users\lcv2242596\Documents\GitHub\KwurkEngine\External\Bullet\BulletSoftBody\btSoftBody.h(38,50): warning C4305: 'initializing': truncation from 'double' to 'btScalar'
  (compiling source file '../VGP336/27_HelloGameWorld/GameState.cpp')
  
C:\Users\lcv2242596\Documents\GitHub\KwurkEngine\External\Bullet\BulletSoftBody\btSoftBody.h(1232,17): warning C4244: 'initializing': conversion from 'double' to 'btScalar', possible loss of data
  (compiling source file '../VGP336/27_HelloGameWorld/GameState.cpp')
  
C:\Users\lcv2242596\Documents\GitHub\KwurkEngine\External\Bullet\BulletSoftBody\btSoftBody.h(1357,21): warning C4244: '+=': conversion from 'double' to 'btScalar', possible loss of data
  (compiling source file '../VGP336/27_HelloGameWorld/GameState.cpp')
  
C:\Users\lcv2242596\Documents\GitHub\KwurkEngine\External\Bullet\BulletSoftBody\btSoftBody.h(1361,21): warning C4244: 'initializing': conversion from 'double' to 'btScalar', possible loss of data
  (compiling source file '../VGP336/27_HelloGameWorld/GameState.cpp')
  
C:\Users\lcv2242596\Documents\GitHub\KwurkEngine\External\Bullet\BulletSoftBody\btSoftBody.h(1385,20): warning C4244: '=': conversion from 'double' to 'btScalar', possible loss of data
  (compiling source file '../VGP336/27_HelloGameWorld/GameState.cpp')
  
C:\Users\lcv2242596\Documents\GitHub\KwurkEngine\External\Bullet\BulletSoftBody\btSoftBody.h(1387,23): warning C4244: '=': conversion from 'double' to 'btScalar', possible loss of data
  (compiling source file '../VGP336/27_HelloGameWorld/GameState.cpp')
  
C:\Users\lcv2242596\Documents\GitHub\KwurkEngine\Framework\Physics\Inc\PhysicsWorld.h(15,49): warning C4305: 'argument': truncation from 'double' to 'float'
  (compiling source file '../VGP336/27_HelloGameWorld/GameState.cpp')
  
C:\Users\lcv2242596\Documents\GitHub\KwurkEngine\External\Bullet\BulletSoftBody\btSoftBody.h(1269,17): warning C4244: 'initializing': conversion from 'double' to 'btScalar', possible loss of data
  (compiling source file '../VGP336/27_HelloGameWorld/GameState.cpp')
      C:\Users\lcv2242596\Documents\GitHub\KwurkEngine\External\Bullet\BulletSoftBody\btSoftBody.h(1269,17):
      the template instantiation context (the oldest one first) is
          C:\Users\lcv2242596\Documents\GitHub\KwurkEngine\External\Bullet\BulletSoftBody\btSoftBody.h(1303,4):
          see reference to function template instantiation 'void btSoftBody::updateFace<btDbvtNode>(DBVTNODE *,bool,bool)' being compiled
          with
          [
              DBVTNODE=btDbvtNode
          ]
  
  WinMain.cpp
C:\Users\lcv2242596\Documents\GitHub\KwurkEngine\External\Bullet\BulletSoftBody\btSoftBody.h(38,50): warning C4305: 'initializing': truncation from 'double' to 'btScalar'
  (compiling source file '../VGP336/27_HelloGameWorld/WinMain.cpp')
  
C:\Users\lcv2242596\Documents\GitHub\KwurkEngine\External\Bullet\BulletSoftBody\btSoftBody.h(1232,17): warning C4244: 'initializing': conversion from 'double' to 'btScalar', possible loss of data
  (compiling source file '../VGP336/27_HelloGameWorld/WinMain.cpp')
  
C:\Users\lcv2242596\Documents\GitHub\KwurkEngine\External\Bullet\BulletSoftBody\btSoftBody.h(1357,21): warning C4244: '+=': conversion from 'double' to 'btScalar', possible loss of data
  (compiling source file '../VGP336/27_HelloGameWorld/WinMain.cpp')
  
C:\Users\lcv2242596\Documents\GitHub\KwurkEngine\External\Bullet\BulletSoftBody\btSoftBody.h(1361,21): warning C4244: 'initializing': conversion from 'double' to 'btScalar', possible loss of data
  (compiling source file '../VGP336/27_HelloGameWorld/WinMain.cpp')
  
C:\Users\lcv2242596\Documents\GitHub\KwurkEngine\External\Bullet\BulletSoftBody\btSoftBody.h(1385,20): warning C4244: '=': conversion from 'double' to 'btScalar', possible loss of data
  (compiling source file '../VGP336/27_HelloGameWorld/WinMain.cpp')
  
C:\Users\lcv2242596\Documents\GitHub\KwurkEngine\External\Bullet\BulletSoftBody\btSoftBody.h(1387,23): warning C4244: '=': conversion from 'double' to 'btScalar', possible loss of data
  (compiling source file '../VGP336/27_HelloGameWorld/WinMain.cpp')
  
C:\Users\lcv2242596\Documents\GitHub\KwurkEngine\Framework\Physics\Inc\PhysicsWorld.h(15,49): warning C4305: 'argument': truncation from 'double' to 'float'
  (compiling source file '../VGP336/27_HelloGameWorld/WinMain.cpp')
  
C:\Users\lcv2242596\Documents\GitHub\KwurkEngine\External\Bullet\BulletSoftBody\btSoftBody.h(1269,17): warning C4244: 'initializing': conversion from 'double' to 'btScalar', possible loss of data
  (compiling source file '../VGP336/27_HelloGameWorld/WinMain.cpp')
      C:\Users\lcv2242596\Documents\GitHub\KwurkEngine\External\Bullet\BulletSoftBody\btSoftBody.h(1269,17):
      the template instantiation context (the oldest one first) is
          C:\Users\lcv2242596\Documents\GitHub\KwurkEngine\External\Bullet\BulletSoftBody\btSoftBody.h(1303,4):
          see reference to function template instantiation 'void btSoftBody::updateFace<btDbvtNode>(DBVTNODE *,bool,bool)' being compiled
          with
          [
              DBVTNODE=btDbvtNode
          ]
  
  Generating Code...
  27_HelloGameWorld.vcxproj -> C:\Users\lcv2242596\Documents\GitHub\KwurkEngine\x64\Debug\27_HelloGameWorld.exe
