  Precompiled.cpp
C:\Users\LCV2242596\Documents\GitHub\KwurkEngine\External\Bullet\BulletSoftBody\btSoftBody.h(38,50): warning C4305: 'initializing': truncation from 'double' to 'btScalar'
  (compiling source file 'Src/Precompiled.cpp')
  
C:\Users\LCV2242596\Documents\GitHub\KwurkEngine\External\Bullet\BulletSoftBody\btSoftBody.h(1232,17): warning C4244: 'initializing': conversion from 'double' to 'btScalar', possible loss of data
  (compiling source file 'Src/Precompiled.cpp')
  
C:\Users\LCV2242596\Documents\GitHub\KwurkEngine\External\Bullet\BulletSoftBody\btSoftBody.h(1357,21): warning C4244: '+=': conversion from 'double' to 'btScalar', possible loss of data
  (compiling source file 'Src/Precompiled.cpp')
  
C:\Users\LCV2242596\Documents\GitHub\KwurkEngine\External\Bullet\BulletSoftBody\btSoftBody.h(1361,21): warning C4244: 'initializing': conversion from 'double' to 'btScalar', possible loss of data
  (compiling source file 'Src/Precompiled.cpp')
  
C:\Users\LCV2242596\Documents\GitHub\KwurkEngine\External\Bullet\BulletSoftBody\btSoftBody.h(1385,20): warning C4244: '=': conversion from 'double' to 'btScalar', possible loss of data
  (compiling source file 'Src/Precompiled.cpp')
  
C:\Users\LCV2242596\Documents\GitHub\KwurkEngine\External\Bullet\BulletSoftBody\btSoftBody.h(1387,23): warning C4244: '=': conversion from 'double' to 'btScalar', possible loss of data
  (compiling source file 'Src/Precompiled.cpp')
  
C:\Users\LCV2242596\Documents\GitHub\KwurkEngine\External\Bullet\BulletSoftBody\btSoftBody.h(1269,17): warning C4244: 'initializing': conversion from 'double' to 'btScalar', possible loss of data
  (compiling source file 'Src/Precompiled.cpp')
  C:\Users\LCV2242596\Documents\GitHub\KwurkEngine\External\Bullet\BulletSoftBody\btSoftBody.h(1269,17):
  the template instantiation context (the oldest one first) is
  	C:\Users\LCV2242596\Documents\GitHub\KwurkEngine\External\Bullet\BulletSoftBody\btSoftBody.h(1303,4):
  	see reference to function template instantiation 'void btSoftBody::updateFace<btDbvtNode>(DBVTNODE *,bool,bool)' being compiled
          with
          [
              DBVTNODE=btDbvtNode
          ]
  
  CollisionShape.cpp
  PhysicsWorld.cpp
C:\Users\LCV2242596\Documents\GitHub\KwurkEngine\Framework\Physics\Inc\PhysicsWorld.h(13,50): warning C4305: 'argument': truncation from 'double' to 'float'
  (compiling source file '/Src/PhysicsWorld.cpp')
  
  RigidBody.cpp
C:\Users\LCV2242596\Documents\GitHub\KwurkEngine\Framework\Physics\Inc\PhysicsWorld.h(13,50): warning C4305: 'argument': truncation from 'double' to 'float'
  (compiling source file '/Src/RigidBody.cpp')
  
  Generating Code...
  Physics.vcxproj -> C:\Users\LCV2242596\Documents\GitHub\KwurkEngine\x64\Debug\Physics.lib
