  GameState.cpp
C:\Users\lcv2242596\Documents\GitHub\KwurkEngine\Framework\Graphics\Inc\RenderObject.h(15,13): error C3646: 'transform': unknown override specifier
  (compiling source file 'GameState.cpp')
  
C:\Users\lcv2242596\Documents\GitHub\KwurkEngine\Framework\Graphics\Inc\RenderObject.h(15,22): error C4430: missing type specifier - int assumed. Note: C++ does not support default-int
  (compiling source file 'GameState.cpp')
  
C:\Users\lcv2242596\Documents\GitHub\KwurkEngine\VGP330\10_HelloLighting\GameState.cpp(18,10): error C2039: 'transform': is not a member of 'KwurkEngine::Graphics::RenderObject'
  C:\Users\lcv2242596\Documents\GitHub\KwurkEngine\Framework\Graphics\Inc\RenderObject.h(10,8):
  see declaration of 'KwurkEngine::Graphics::RenderObject'
  
C:\Users\lcv2242596\Documents\GitHub\KwurkEngine\VGP330\10_HelloLighting\GameState.cpp(22,11): error C2039: 'transform': is not a member of 'KwurkEngine::Graphics::RenderObject'
  C:\Users\lcv2242596\Documents\GitHub\KwurkEngine\Framework\Graphics\Inc\RenderObject.h(10,8):
  see declaration of 'KwurkEngine::Graphics::RenderObject'
  
C:\Users\lcv2242596\Documents\GitHub\KwurkEngine\VGP330\10_HelloLighting\GameState.cpp(52,30): warning C4244: 'initializing': conversion from 'double' to 'float', possible loss of data
C:\Users\lcv2242596\Documents\GitHub\KwurkEngine\VGP330\10_HelloLighting\GameState.cpp(52,24): warning C4244: 'initializing': conversion from 'double' to 'const float', possible loss of data
C:\Users\lcv2242596\Documents\GitHub\KwurkEngine\VGP330\10_HelloLighting\GameState.cpp(98,29): error C2039: 'transform': is not a member of 'KwurkEngine::Graphics::RenderObject'
  C:\Users\lcv2242596\Documents\GitHub\KwurkEngine\Framework\Graphics\Inc\RenderObject.h(10,8):
  see declaration of 'KwurkEngine::Graphics::RenderObject'
  
C:\Users\lcv2242596\Documents\GitHub\KwurkEngine\VGP330\10_HelloLighting\GameState.cpp(110,22): error C2039: 'transform': is not a member of 'KwurkEngine::Graphics::RenderObject'
  C:\Users\lcv2242596\Documents\GitHub\KwurkEngine\Framework\Graphics\Inc\RenderObject.h(10,8):
  see declaration of 'KwurkEngine::Graphics::RenderObject'
  
  WinMain.cpp
C:\Users\lcv2242596\Documents\GitHub\KwurkEngine\Framework\Graphics\Inc\RenderObject.h(15,13): error C3646: 'transform': unknown override specifier
  (compiling source file 'WinMain.cpp')
  
C:\Users\lcv2242596\Documents\GitHub\KwurkEngine\Framework\Graphics\Inc\RenderObject.h(15,22): error C4430: missing type specifier - int assumed. Note: C++ does not support default-int
  (compiling source file 'WinMain.cpp')
  
  Generating Code...
