c:\users\lcv2242596\documents\github\kwurkengine\engine\kwurkengine\x64\debug\kwurkengine.pch
c:\users\lcv2242596\documents\github\kwurkengine\x64\debug\kwurkengine.pdb
c:\users\lcv2242596\documents\github\kwurkengine\x64\debug\kwurkengine.idb
c:\users\lcv2242596\documents\github\kwurkengine\engine\kwurkengine\x64\debug\precompiled.obj
c:\users\lcv2242596\documents\github\kwurkengine\engine\kwurkengine\x64\debug\transformcomponent.obj
c:\users\lcv2242596\documents\github\kwurkengine\engine\kwurkengine\x64\debug\saveutil.obj
c:\users\lcv2242596\documents\github\kwurkengine\engine\kwurkengine\x64\debug\rigidbodycomponent.obj
c:\users\lcv2242596\documents\github\kwurkengine\engine\kwurkengine\x64\debug\renderservice.obj
c:\users\lcv2242596\documents\github\kwurkengine\engine\kwurkengine\x64\debug\renderobjectcomponent.obj
c:\users\lcv2242596\documents\github\kwurkengine\engine\kwurkengine\x64\debug\physicsservice.obj
c:\users\lcv2242596\documents\github\kwurkengine\engine\kwurkengine\x64\debug\modelcomponent.obj
c:\users\lcv2242596\documents\github\kwurkengine\engine\kwurkengine\x64\debug\meshcomponent.obj
c:\users\lcv2242596\documents\github\kwurkengine\engine\kwurkengine\x64\debug\kwurkengine.obj
c:\users\lcv2242596\documents\github\kwurkengine\engine\kwurkengine\x64\debug\gameworld.obj
c:\users\lcv2242596\documents\github\kwurkengine\engine\kwurkengine\x64\debug\gameobjectfactory.obj
c:\users\lcv2242596\documents\github\kwurkengine\engine\kwurkengine\x64\debug\gameobject.obj
c:\users\lcv2242596\documents\github\kwurkengine\engine\kwurkengine\x64\debug\fpscameracomponent.obj
c:\users\lcv2242596\documents\github\kwurkengine\engine\kwurkengine\x64\debug\eventmanager.obj
c:\users\lcv2242596\documents\github\kwurkengine\engine\kwurkengine\x64\debug\cameraservice.obj
c:\users\lcv2242596\documents\github\kwurkengine\engine\kwurkengine\x64\debug\cameracomponent.obj
c:\users\lcv2242596\documents\github\kwurkengine\engine\kwurkengine\x64\debug\app.obj
c:\users\lcv2242596\documents\github\kwurkengine\engine\kwurkengine\x64\debug\animatorcomponent.obj
c:\users\lcv2242596\documents\github\kwurkengine\x64\debug\kwurkengine.lib
c:\users\lcv2242596\documents\github\kwurkengine\engine\kwurkengine\x64\debug\kwurkengine.tlog\cl.command.1.tlog
c:\users\lcv2242596\documents\github\kwurkengine\engine\kwurkengine\x64\debug\kwurkengine.tlog\cl.items.tlog
c:\users\lcv2242596\documents\github\kwurkengine\engine\kwurkengine\x64\debug\kwurkengine.tlog\cl.read.1.tlog
c:\users\lcv2242596\documents\github\kwurkengine\engine\kwurkengine\x64\debug\kwurkengine.tlog\cl.write.1.tlog
c:\users\lcv2242596\documents\github\kwurkengine\engine\kwurkengine\x64\debug\kwurkengine.tlog\lib-link.read.1.tlog
c:\users\lcv2242596\documents\github\kwurkengine\engine\kwurkengine\x64\debug\kwurkengine.tlog\lib-link.write.1.tlog
c:\users\lcv2242596\documents\github\kwurkengine\engine\kwurkengine\x64\debug\kwurkengine.tlog\lib.command.1.tlog
