  WinMain.cpp
D:\LaSalleProjects\KwurkEngine\KwurkEngine\Framework\Core\Inc\TypedAllocator.h(9,33): error C3861: 'BlockAllocator': identifier not found
  (compiling source file 'Source/WinMain.cpp')
  D:\LaSalleProjects\KwurkEngine\KwurkEngine\Framework\Core\Inc\TypedAllocator.h(9,33):
  the template instantiation context (the oldest one first) is
  	D:\LaSalleProjects\KwurkEngine\KwurkEngine\Framework\Core\Inc\TypedAllocator.h(36,3):
  	see reference to class template instantiation 'kwurkEngine::Core::TypedAllocator<DataType>' being compiled
  
D:\LaSalleProjects\KwurkEngine\KwurkEngine\Framework\Core\Inc\TypedAllocator.h(13,6): error C3861: 'BlockAllocator': identifier not found
  (compiling source file 'Source/WinMain.cpp')
  
D:\LaSalleProjects\KwurkEngine\KwurkEngine\Framework\Core\Inc\TypedAllocator.h(21,48): error C3861: 'Allocate': identifier not found
  (compiling source file 'Source/WinMain.cpp')
  D:\LaSalleProjects\KwurkEngine\KwurkEngine\Framework\Core\Inc\TypedAllocator.h(21,56):
  'Allocate': function declaration must be available as none of the arguments depend on a template parameter
  D:\LaSalleProjects\KwurkEngine\KwurkEngine\Framework\Core\Inc\TypedAllocator.h(19,13):
  This diagnostic occurred in the compiler generated function 'DataType *kwurkEngine::Core::TypedAllocator<DataType>::New(Args &&...)'
  
D:\LaSalleProjects\KwurkEngine\KwurkEngine\External\Bullet\BulletSoftBody\btSoftBody.h(38,50): warning C4305: 'initializing': truncation from 'double' to 'btScalar'
  (compiling source file 'Source/WinMain.cpp')
  
D:\LaSalleProjects\KwurkEngine\KwurkEngine\External\Bullet\BulletSoftBody\btSoftBody.h(1232,17): warning C4244: 'initializing': conversion from 'double' to 'btScalar', possible loss of data
  (compiling source file 'Source/WinMain.cpp')
  
D:\LaSalleProjects\KwurkEngine\KwurkEngine\External\Bullet\BulletSoftBody\btSoftBody.h(1357,21): warning C4244: '+=': conversion from 'double' to 'btScalar', possible loss of data
  (compiling source file 'Source/WinMain.cpp')
  
D:\LaSalleProjects\KwurkEngine\KwurkEngine\External\Bullet\BulletSoftBody\btSoftBody.h(1361,21): warning C4244: 'initializing': conversion from 'double' to 'btScalar', possible loss of data
  (compiling source file 'Source/WinMain.cpp')
  
D:\LaSalleProjects\KwurkEngine\KwurkEngine\External\Bullet\BulletSoftBody\btSoftBody.h(1385,20): warning C4244: '=': conversion from 'double' to 'btScalar', possible loss of data
  (compiling source file 'Source/WinMain.cpp')
  
D:\LaSalleProjects\KwurkEngine\KwurkEngine\External\Bullet\BulletSoftBody\btSoftBody.h(1387,23): warning C4244: '=': conversion from 'double' to 'btScalar', possible loss of data
  (compiling source file 'Source/WinMain.cpp')
  
D:\LaSalleProjects\KwurkEngine\KwurkEngine\Framework\Physics\Inc\PhysicsWorld.h(15,50): warning C4305: 'argument': truncation from 'double' to 'float'
  (compiling source file 'Source/WinMain.cpp')
  
D:\LaSalleProjects\KwurkEngine\KwurkEngine\VGP336\24_HelloMemory\Source\WinMain.cpp(17,2): error C2535: 'Student::Student(void)': member function already defined or declared
  D:\LaSalleProjects\KwurkEngine\KwurkEngine\VGP336\24_HelloMemory\Source\WinMain.cpp(11,2):
  see declaration of 'Student::Student'
  
D:\LaSalleProjects\KwurkEngine\KwurkEngine\VGP336\24_HelloMemory\Source\WinMain.cpp(23,2): error C2535: 'Student::Student(void)': member function already defined or declared
  D:\LaSalleProjects\KwurkEngine\KwurkEngine\VGP336\24_HelloMemory\Source\WinMain.cpp(11,2):
  see declaration of 'Student::Student'
  
D:\LaSalleProjects\KwurkEngine\KwurkEngine\Framework\Core\Inc\TypedAllocator.h(9,33): error C2504: 'BlockAllocator': base class undefined
  (compiling source file 'Source/WinMain.cpp')
  D:\LaSalleProjects\KwurkEngine\KwurkEngine\Framework\Core\Inc\TypedAllocator.h(9,33):
  the template instantiation context (the oldest one first) is
  	D:\LaSalleProjects\KwurkEngine\KwurkEngine\VGP336\24_HelloMemory\Source\WinMain.cpp(50,54):
  	see reference to class template instantiation 'kwurkEngine::Core::TypedAllocator<Student>' being compiled
  
