  GameState.cpp
D:\LaSalleProjects\KwurkEngine\KwurkEngine\External\Bullet\BulletSoftBody\btSoftBody.h(38,50): warning C4305: 'initializing': truncation from 'double' to 'btScalar'
  (compiling source file 'GameState.cpp')
  
D:\LaSalleProjects\KwurkEngine\KwurkEngine\External\Bullet\BulletSoftBody\btSoftBody.h(1232,17): warning C4244: 'initializing': conversion from 'double' to 'btScalar', possible loss of data
  (compiling source file 'GameState.cpp')
  
D:\LaSalleProjects\KwurkEngine\KwurkEngine\External\Bullet\BulletSoftBody\btSoftBody.h(1357,21): warning C4244: '+=': conversion from 'double' to 'btScalar', possible loss of data
  (compiling source file 'GameState.cpp')
  
D:\LaSalleProjects\KwurkEngine\KwurkEngine\External\Bullet\BulletSoftBody\btSoftBody.h(1361,21): warning C4244: 'initializing': conversion from 'double' to 'btScalar', possible loss of data
  (compiling source file 'GameState.cpp')
  
D:\LaSalleProjects\KwurkEngine\KwurkEngine\External\Bullet\BulletSoftBody\btSoftBody.h(1385,20): warning C4244: '=': conversion from 'double' to 'btScalar', possible loss of data
  (compiling source file 'GameState.cpp')
  
D:\LaSalleProjects\KwurkEngine\KwurkEngine\External\Bullet\BulletSoftBody\btSoftBody.h(1387,23): warning C4244: '=': conversion from 'double' to 'btScalar', possible loss of data
  (compiling source file 'GameState.cpp')
  
D:\LaSalleProjects\KwurkEngine\KwurkEngine\Framework\Physics\Inc\PhysicsWorld.h(15,50): warning C4305: 'argument': truncation from 'double' to 'float'
  (compiling source file 'GameState.cpp')
  
D:\LaSalleProjects\KwurkEngine\KwurkEngine\VGP334\21_HelloSoftBody\GameState.cpp(47,22): warning C4267: 'initializing': conversion from 'size_t' to 'uint32_t', possible loss of data
D:\LaSalleProjects\KwurkEngine\KwurkEngine\VGP334\21_HelloSoftBody\GameState.cpp(52,53): warning C4267: 'argument': conversion from 'size_t' to 'uint32_t', possible loss of data
D:\LaSalleProjects\KwurkEngine\KwurkEngine\VGP334\21_HelloSoftBody\GameState.cpp(51,80): warning C4267: 'argument': conversion from 'size_t' to 'uint32_t', possible loss of data
D:\LaSalleProjects\KwurkEngine\KwurkEngine\VGP334\21_HelloSoftBody\GameState.cpp(91,30): warning C4244: 'initializing': conversion from 'double' to 'float', possible loss of data
D:\LaSalleProjects\KwurkEngine\KwurkEngine\VGP334\21_HelloSoftBody\GameState.cpp(91,24): warning C4244: 'initializing': conversion from 'double' to 'const float', possible loss of data
D:\LaSalleProjects\KwurkEngine\KwurkEngine\VGP334\21_HelloSoftBody\GameState.cpp(127,79): warning C4267: 'argument': conversion from 'size_t' to 'uint32_t', possible loss of data
D:\LaSalleProjects\KwurkEngine\KwurkEngine\External\Bullet\BulletSoftBody\btSoftBody.h(1269,17): warning C4244: 'initializing': conversion from 'double' to 'btScalar', possible loss of data
  (compiling source file 'GameState.cpp')
  D:\LaSalleProjects\KwurkEngine\KwurkEngine\External\Bullet\BulletSoftBody\btSoftBody.h(1269,17):
  the template instantiation context (the oldest one first) is
  	D:\LaSalleProjects\KwurkEngine\KwurkEngine\External\Bullet\BulletSoftBody\btSoftBody.h(1303,4):
  	see reference to function template instantiation 'void btSoftBody::updateFace<btDbvtNode>(DBVTNODE *,bool,bool)' being compiled
          with
          [
              DBVTNODE=btDbvtNode
          ]
  
  21_HelloSoftBody.vcxproj -> D:\LaSalleProjects\KwurkEngine\KwurkEngine\x64\Debug\21_HelloSoftBody.exe
