  GameState.cpp
D:\LaSalleProjects\3D graphics programming\KwurkEngine\External\Bullet\BulletSoftBody\btSoftBody.h(38,50): warning C4305: 'initializing': truncation from 'double' to 'btScalar'
  (compiling source file 'GameState.cpp')
  
D:\LaSalleProjects\3D graphics programming\KwurkEngine\External\Bullet\BulletSoftBody\btSoftBody.h(1232,17): warning C4244: 'initializing': conversion from 'double' to 'btScalar', possible loss of data
  (compiling source file 'GameState.cpp')
  
D:\LaSalleProjects\3D graphics programming\KwurkEngine\External\Bullet\BulletSoftBody\btSoftBody.h(1357,21): warning C4244: '+=': conversion from 'double' to 'btScalar', possible loss of data
  (compiling source file 'GameState.cpp')
  
D:\LaSalleProjects\3D graphics programming\KwurkEngine\External\Bullet\BulletSoftBody\btSoftBody.h(1361,21): warning C4244: 'initializing': conversion from 'double' to 'btScalar', possible loss of data
  (compiling source file 'GameState.cpp')
  
D:\LaSalleProjects\3D graphics programming\KwurkEngine\External\Bullet\BulletSoftBody\btSoftBody.h(1385,20): warning C4244: '=': conversion from 'double' to 'btScalar', possible loss of data
  (compiling source file 'GameState.cpp')
  
D:\LaSalleProjects\3D graphics programming\KwurkEngine\External\Bullet\BulletSoftBody\btSoftBody.h(1387,23): warning C4244: '=': conversion from 'double' to 'btScalar', possible loss of data
  (compiling source file 'GameState.cpp')
  
D:\LaSalleProjects\3D graphics programming\KwurkEngine\Framework\Physics\Inc\PhysicsWorld.h(14,50): warning C4305: 'argument': truncation from 'double' to 'float'
  (compiling source file 'GameState.cpp')
  
D:\LaSalleProjects\3D graphics programming\KwurkEngine\VGP334\20_HelloPhysics\GameState.cpp(110,30): warning C4244: 'initializing': conversion from 'double' to 'float', possible loss of data
D:\LaSalleProjects\3D graphics programming\KwurkEngine\VGP334\20_HelloPhysics\GameState.cpp(110,24): warning C4244: 'initializing': conversion from 'double' to 'const float', possible loss of data
D:\LaSalleProjects\3D graphics programming\KwurkEngine\External\Bullet\BulletSoftBody\btSoftBody.h(1269,17): warning C4244: 'initializing': conversion from 'double' to 'btScalar', possible loss of data
  (compiling source file 'GameState.cpp')
  D:\LaSalleProjects\3D graphics programming\KwurkEngine\External\Bullet\BulletSoftBody\btSoftBody.h(1269,17):
  the template instantiation context (the oldest one first) is
  	D:\LaSalleProjects\3D graphics programming\KwurkEngine\External\Bullet\BulletSoftBody\btSoftBody.h(1303,4):
  	see reference to function template instantiation 'void btSoftBody::updateFace<btDbvtNode>(DBVTNODE *,bool,bool)' being compiled
          with
          [
              DBVTNODE=btDbvtNode
          ]
  
  20_HelloPhysics.vcxproj -> D:\LaSalleProjects\3D graphics programming\KwurkEngine\x64\Debug\20_HelloPhysics.exe
