d:\lasalleprojects\3d graphics programming\kwurkengine\vgp334\18_helloskeletonanimation\x64\debug\vc143.pdb
d:\lasalleprojects\3d graphics programming\kwurkengine\vgp334\18_helloskeletonanimation\x64\debug\vc143.idb
d:\lasalleprojects\3d graphics programming\kwurkengine\vgp334\18_helloskeletonanimation\x64\debug\winmain.obj
d:\lasalleprojects\3d graphics programming\kwurkengine\vgp334\18_helloskeletonanimation\x64\debug\gamestate.obj
d:\lasalleprojects\3d graphics programming\kwurkengine\vgp334\18_helloskeletonanimation\x64\debug\18_helloskeletonanimation.ilk
d:\lasalleprojects\3d graphics programming\kwurkengine\x64\debug\18_helloskeletonanimation.exe
d:\lasalleprojects\3d graphics programming\kwurkengine\x64\debug\18_helloskeletonanimation.pdb
d:\lasalleprojects\kwurkengine\kwurkengine\vgp334\18_helloskeletonanimation\x64\debug\gamestate.obj
d:\lasalleprojects\kwurkengine\kwurkengine\vgp334\18_helloskeletonanimation\x64\debug\winmain.obj
d:\lasalleprojects\kwurkengine\kwurkengine\vgp334\18_helloskeletonanimation\x64\debug\18_helloskeletonanimation.ilk
d:\lasalleprojects\kwurkengine\kwurkengine\vgp334\18_helloskeletonanimation\x64\debug\vc143.idb
d:\lasalleprojects\kwurkengine\kwurkengine\vgp334\18_helloskeletonanimation\x64\debug\vc143.pdb
d:\lasalleprojects\kwurkengine\kwurkengine\x64\debug\18_helloskeletonanimation.pdb
d:\lasalleprojects\kwurkengine\kwurkengine\x64\debug\18_helloskeletonanimation.exe
d:\lasalleprojects\kwurkengine\kwurkengine\vgp334\18_helloskeletonanimation\x64\debug\18_hello.e8817770.tlog\cl.command.1.tlog
d:\lasalleprojects\kwurkengine\kwurkengine\vgp334\18_helloskeletonanimation\x64\debug\18_hello.e8817770.tlog\cl.items.tlog
d:\lasalleprojects\kwurkengine\kwurkengine\vgp334\18_helloskeletonanimation\x64\debug\18_hello.e8817770.tlog\cl.read.1.tlog
d:\lasalleprojects\kwurkengine\kwurkengine\vgp334\18_helloskeletonanimation\x64\debug\18_hello.e8817770.tlog\cl.write.1.tlog
d:\lasalleprojects\kwurkengine\kwurkengine\vgp334\18_helloskeletonanimation\x64\debug\18_hello.e8817770.tlog\link.command.1.tlog
d:\lasalleprojects\kwurkengine\kwurkengine\vgp334\18_helloskeletonanimation\x64\debug\18_hello.e8817770.tlog\link.read.1.tlog
d:\lasalleprojects\kwurkengine\kwurkengine\vgp334\18_helloskeletonanimation\x64\debug\18_hello.e8817770.tlog\link.write.1.tlog
