d:\lasalleprojects\kwurkengine\kwurkengine\x64\debug\graphics.pdb
d:\lasalleprojects\kwurkengine\kwurkengine\x64\debug\graphics.idb
d:\lasalleprojects\kwurkengine\kwurkengine\framework\graphics\x64\debug\sampler.obj
d:\lasalleprojects\kwurkengine\kwurkengine\framework\graphics\x64\debug\rendertarget.obj
d:\lasalleprojects\kwurkengine\kwurkengine\framework\graphics\x64\debug\renderobject.obj
d:\lasalleprojects\kwurkengine\kwurkengine\framework\graphics\x64\debug\postprocessingeffect.obj
d:\lasalleprojects\kwurkengine\kwurkengine\framework\graphics\x64\debug\pixelshader.obj
d:\lasalleprojects\kwurkengine\kwurkengine\framework\graphics\x64\debug\modelio.obj
d:\lasalleprojects\kwurkengine\kwurkengine\framework\graphics\x64\debug\modelcache.obj
d:\lasalleprojects\kwurkengine\kwurkengine\framework\graphics\x64\debug\meshbuilder.obj
d:\lasalleprojects\kwurkengine\kwurkengine\framework\graphics\x64\debug\meshbuffer.obj
d:\lasalleprojects\kwurkengine\kwurkengine\framework\graphics\x64\debug\graphicssystem.obj
d:\lasalleprojects\kwurkengine\kwurkengine\framework\graphics\x64\debug\gaussianblureffect.obj
d:\lasalleprojects\kwurkengine\kwurkengine\framework\graphics\x64\debug\debugui.obj
d:\lasalleprojects\kwurkengine\kwurkengine\framework\graphics\x64\debug\constantbuffer.obj
d:\lasalleprojects\kwurkengine\kwurkengine\framework\graphics\x64\debug\camera.obj
d:\lasalleprojects\kwurkengine\kwurkengine\framework\graphics\x64\debug\blendstate.obj
d:\lasalleprojects\kwurkengine\kwurkengine\framework\graphics\x64\debug\billboardeffect.obj
d:\lasalleprojects\kwurkengine\kwurkengine\framework\graphics\x64\debug\animator.obj
d:\lasalleprojects\kwurkengine\kwurkengine\framework\graphics\x64\debug\animationutil.obj
d:\lasalleprojects\kwurkengine\kwurkengine\framework\graphics\x64\debug\animationbuilder.obj
d:\lasalleprojects\kwurkengine\kwurkengine\framework\graphics\x64\debug\animation.obj
d:\lasalleprojects\kwurkengine\kwurkengine\framework\graphics\x64\debug\vertexshader.obj
d:\lasalleprojects\kwurkengine\kwurkengine\framework\graphics\x64\debug\texturecache.obj
d:\lasalleprojects\kwurkengine\kwurkengine\framework\graphics\x64\debug\texture.obj
d:\lasalleprojects\kwurkengine\kwurkengine\framework\graphics\x64\debug\terraineffect.obj
d:\lasalleprojects\kwurkengine\kwurkengine\framework\graphics\x64\debug\terrain.obj
d:\lasalleprojects\kwurkengine\kwurkengine\framework\graphics\x64\debug\standardeffect.obj
d:\lasalleprojects\kwurkengine\kwurkengine\framework\graphics\x64\debug\simpledraw.obj
d:\lasalleprojects\kwurkengine\kwurkengine\framework\graphics\x64\debug\shadoweffect.obj
d:\lasalleprojects\kwurkengine\kwurkengine\x64\debug\graphics.lib
d:\lasalleprojects\kwurkengine\kwurkengine\framework\graphics\x64\debug\graphics.tlog\cl.command.1.tlog
d:\lasalleprojects\kwurkengine\kwurkengine\framework\graphics\x64\debug\graphics.tlog\cl.items.tlog
d:\lasalleprojects\kwurkengine\kwurkengine\framework\graphics\x64\debug\graphics.tlog\cl.read.1.tlog
d:\lasalleprojects\kwurkengine\kwurkengine\framework\graphics\x64\debug\graphics.tlog\cl.write.1.tlog
d:\lasalleprojects\kwurkengine\kwurkengine\framework\graphics\x64\debug\graphics.tlog\lib-link.read.1.tlog
d:\lasalleprojects\kwurkengine\kwurkengine\framework\graphics\x64\debug\graphics.tlog\lib-link.write.1.tlog
d:\lasalleprojects\kwurkengine\kwurkengine\framework\graphics\x64\debug\graphics.tlog\lib.command.1.tlog
